1633784387175:s
1633784395201:l
1633784400979:l polinkot
1633784420728:s
1633784429961:1
1633784496790:l qweqwe
1633784510028:s
1633784515410:1
1633787064866:s
1633787070747:l
1633787072212:s
1633787526149:?
1633787636799:help
1633787646756:sl
1633787648789:s
1633787650741:l
1633787658169:sl
1633787688666:sl --language-tag=ru-RU
1633787691235:s
1633787706804:1
1633787729892:l
1633787734803:s
1633787769724:sl --languageTag=r-RU
1633787772809:s
1633787776807:q
1633787814476:l
1633787816281:s
1633787820693:1
1633787881864:s
1633787922407:l
1633787925011:s
1633787934057:1
1633787935661:s
1633787992402:l xxxxxx
1633788004075:sl ru-RU
1633788013062:s
1633788018876:1
1633788032058:s
1633788038551:sl
1633788041759:l
1633788044489:sl
1633788053841:s
1633788057983:1
1633788083789:l
1633788087489:sl
1633788096344:s
1633788104892:help
1633788133970:l
1633788176025:set-locale ru-RU
1633788178852:s
1633788182471:1
1633788335490:login Ivan
1633788341250:set-locale ru-RU
1633788347447:start
1633788352422:1
1633788421381:login Ivan
1633788426372:set-locale ru-RU
1633788431752:start
1633788460252:l
1633788472023:set-locale ru-RU
1633788521686:l
1633788524624:set-locale ru-RU
1633788542223:set-locale e-US
1633788566163:l
1633788573590:set-locale en-US
1633788661222:l
1633788676759:set-locale ru-RU
1633788689924:set-locale en-US
1633788694185:set-locale ru-RU
1633788702326:set-locale
1633788759989:l
1633788762784:s
1633788766724:1
1633788808145:l
1633788811421:s
1633877474858:l asdas
1633877491666:cl en-US
1633877499434:help
1633877516514:sl en-US
1633877521963:l rrr
1633877533735:s
1633877538434:1
1633877561338:s
1633877577157:slen-US
1633877587843:sl en-US
1633877591449:l
1633877606629:sl en-US
1633877614847:l
1633877629932:sl ru-RU
